Channels:
 - pytorch
 - nvidia
 - conda-forge
 - bioconda
 - defaults
Platform: linux-64
Collecting package metadata (repodata.json): ...working... done
Solving environment: ...working... done

## Package Plan ##

  environment location: /gpfs/milgram/project/chang/pg496/conda_envs/gaze_processing

  added / updated specs:
    - pytorch
    - pytorch-cuda=12.1
    - torchaudio
    - torchvision


The following packages will be downloaded:

    package                    |            build
    ---------------------------|-----------------
    blas-1.1                   |         openblas           1 KB  conda-forge
    cuda-libraries-12.1.0      |                0           2 KB  nvidia
    cuda-opencl-12.4.127       |                0          12 KB  nvidia
    cuda-runtime-12.1.0        |                0           1 KB  nvidia
    cuda-version-11.3          |       hbc958af_3          21 KB  conda-forge
    cudatoolkit-11.3.1         |       ha36c431_9       815.2 MB  nvidia
    cupti-11.3.1               |                0         8.0 MB
    future-1.0.0               |     pyhd8ed1ab_0         356 KB  conda-forge
    libcufile-1.9.1.3          |                0         1.0 MB  nvidia
    libcurand-10.3.5.147       |                0        51.8 MB  nvidia
    libmagma-2.7.2             |       h09159a4_2       197.8 MB  conda-forge
    libmagma_sparse-2.7.2      |       h09159a4_3         5.9 MB  conda-forge
    libopencv-4.5.1            |   py38h703c3c0_0        33.9 MB  conda-forge
    libprotobuf-3.20.3         |       h3eb15da_0         2.2 MB  conda-forge
    magma-2.7.2                |       h2cf16e7_3         100 KB  conda-forge
    ninja-1.12.1               |       h297d8ca_0         2.1 MB  conda-forge
    openblas-0.3.25            |pthreads_h7a3da1a_0         5.4 MB  conda-forge
    opencv-4.5.1               |   py38h578d9bd_0          21 KB  conda-forge
    py-opencv-4.5.1            |   py38h81c977d_0         1.1 MB  conda-forge
    pytorch-1.13.1             |gpu_cuda113py38hde3f150_1       427.4 MB
    pytorch-cuda-12.1          |       ha16c6d3_6           7 KB  pytorch
    pytorch-mutex-1.0          |              cpu           3 KB  pytorch
    torchaudio-0.13.1          |         py38_cpu         6.4 MB  pytorch
    torchvision-0.14.1         |         py38_cpu        25.3 MB  pytorch
    ------------------------------------------------------------
                                           Total:        1.55 GB

The following NEW packages will be INSTALLED:

  blas               conda-forge/linux-64::blas-1.1-openblas 
  cuda-cudart        nvidia/linux-64::cuda-cudart-12.1.105-0 
  cuda-cupti         nvidia/linux-64::cuda-cupti-12.1.105-0 
  cuda-libraries     nvidia/linux-64::cuda-libraries-12.1.0-0 
  cuda-nvrtc         nvidia/linux-64::cuda-nvrtc-12.1.105-0 
  cuda-nvtx          nvidia/linux-64::cuda-nvtx-12.1.105-0 
  cuda-opencl        nvidia/linux-64::cuda-opencl-12.4.127-0 
  cuda-runtime       nvidia/linux-64::cuda-runtime-12.1.0-0 
  cuda-version       conda-forge/noarch::cuda-version-11.3-hbc958af_3 
  cudatoolkit        nvidia/linux-64::cudatoolkit-11.3.1-ha36c431_9 
  cudnn              conda-forge/linux-64::cudnn-8.9.7.29-hbc23b4c_3 
  cupti              pkgs/main/linux-64::cupti-11.3.1-0 
  future             conda-forge/noarch::future-1.0.0-pyhd8ed1ab_0 
  libcublas          nvidia/linux-64::libcublas-12.1.0.26-0 
  libcufft           nvidia/linux-64::libcufft-11.0.2.4-0 
  libcufile          nvidia/linux-64::libcufile-1.9.1.3-0 
  libcurand          nvidia/linux-64::libcurand-10.3.5.147-0 
  libcusolver        nvidia/linux-64::libcusolver-11.4.4.55-0 
  libcusparse        nvidia/linux-64::libcusparse-12.0.2.55-0 
  libmagma           conda-forge/linux-64::libmagma-2.7.2-h09159a4_2 
  libmagma_sparse    conda-forge/linux-64::libmagma_sparse-2.7.2-h09159a4_3 
  libnpp             nvidia/linux-64::libnpp-12.0.2.50-0 
  libnvjitlink       nvidia/linux-64::libnvjitlink-12.1.105-0 
  libnvjpeg          nvidia/linux-64::libnvjpeg-12.1.1.14-0 
  magma              conda-forge/linux-64::magma-2.7.2-h2cf16e7_3 
  ninja              conda-forge/linux-64::ninja-1.12.1-h297d8ca_0 
  openblas           conda-forge/linux-64::openblas-0.3.25-pthreads_h7a3da1a_0 
  pytorch            pkgs/main/linux-64::pytorch-1.13.1-gpu_cuda113py38hde3f150_1 
  pytorch-cuda       pytorch/linux-64::pytorch-cuda-12.1-ha16c6d3_6 
  pytorch-mutex      pytorch/noarch::pytorch-mutex-1.0-cpu 
  torchaudio         pytorch/linux-64::torchaudio-0.13.1-py38_cpu 
  torchvision        pytorch/linux-64::torchvision-0.14.1-py38_cpu 

The following packages will be UPDATED:

  libprotobuf                             3.16.0-h780b84a_0 --> 3.20.3-h3eb15da_0 

The following packages will be DOWNGRADED:

  libopencv                            4.5.3-py38h5627943_1 --> 4.5.1-py38h703c3c0_0 
  opencv                               4.5.3-py38h578d9bd_1 --> 4.5.1-py38h578d9bd_0 
  py-opencv                            4.5.3-py38he5a9106_1 --> 4.5.1-py38h81c977d_0 



Downloading and Extracting Packages: ...working... done
Preparing transaction: ...working... done
Verifying transaction: ...working... done
Executing transaction: ...working... By downloading and using the CUDA Toolkit conda packages, you accept the terms and conditions of the CUDA End User License Agreement (EULA): https://docs.nvidia.com/cuda/eula/index.html

By downloading and using the cuDNN conda packages, you accept the terms and conditions of the NVIDIA cuDNN EULA -
  https://docs.nvidia.com/deeplearning/cudnn/sla/index.html

done
